
*** Running vivado
    with args -log block_design_1_ov7670_bram_capture_0_0.vds -m64 -product Vivado -mode batch -messageDb vivado.pb -notrace -source block_design_1_ov7670_bram_capture_0_0.tcl


****** Vivado v2017.3.1 (64-bit)
  **** SW Build 2035080 on Fri Oct 20 14:20:01 MDT 2017
  **** IP Build 2034413 on Fri Oct 20 15:56:25 MDT 2017
    ** Copyright 1986-2017 Xilinx, Inc. All Rights Reserved.

source block_design_1_ov7670_bram_capture_0_0.tcl -notrace
Command: synth_design -top block_design_1_ov7670_bram_capture_0_0 -part xc7z020clg400-1 -mode out_of_context
Starting synth_design
Attempting to get a license for feature 'Synthesis' and/or device 'xc7z020'
INFO: [Common 17-349] Got license for feature 'Synthesis' and/or device 'xc7z020'
INFO: Launching helper process for spawning children vivado processes
INFO: Helper process launched with PID 3888 
---------------------------------------------------------------------------------
Starting RTL Elaboration : Time (s): cpu = 00:00:10 ; elapsed = 00:00:12 . Memory (MB): peak = 348.301 ; gain = 97.578
---------------------------------------------------------------------------------
INFO: [Synth 8-638] synthesizing module 'block_design_1_ov7670_bram_capture_0_0' [c:/Vivado_Projects/MAS/Projekt/MAS_projekt.srcs/sources_1/bd/block_design_1/ip/block_design_1_ov7670_bram_capture_0_0/synth/block_design_1_ov7670_bram_capture_0_0.vhd:68]
INFO: [Synth 8-3491] module 'ov7670_bram_capture' declared at 'C:/Vivado_Projects/MAS/Projekt/MAS_projekt.srcs/sources_1/new/ov7670_bram_capture.vhd:5' bound to instance 'U0' of component 'ov7670_bram_capture' [c:/Vivado_Projects/MAS/Projekt/MAS_projekt.srcs/sources_1/bd/block_design_1/ip/block_design_1_ov7670_bram_capture_0_0/synth/block_design_1_ov7670_bram_capture_0_0.vhd:89]
INFO: [Synth 8-638] synthesizing module 'ov7670_bram_capture' [C:/Vivado_Projects/MAS/Projekt/MAS_projekt.srcs/sources_1/new/ov7670_bram_capture.vhd:17]
INFO: [Synth 8-256] done synthesizing module 'ov7670_bram_capture' (1#1) [C:/Vivado_Projects/MAS/Projekt/MAS_projekt.srcs/sources_1/new/ov7670_bram_capture.vhd:17]
INFO: [Synth 8-256] done synthesizing module 'block_design_1_ov7670_bram_capture_0_0' (2#1) [c:/Vivado_Projects/MAS/Projekt/MAS_projekt.srcs/sources_1/bd/block_design_1/ip/block_design_1_ov7670_bram_capture_0_0/synth/block_design_1_ov7670_bram_capture_0_0.vhd:68]
---------------------------------------------------------------------------------
Finished RTL Elaboration : Time (s): cpu = 00:00:12 ; elapsed = 00:00:14 . Memory (MB): peak = 390.500 ; gain = 139.777
---------------------------------------------------------------------------------

Report Check Netlist: 
+------+------------------+-------+---------+-------+------------------+
|      |Item              |Errors |Warnings |Status |Description       |
+------+------------------+-------+---------+-------+------------------+
|1     |multi_driven_nets |      0|        0|Passed |Multi driven nets |
+------+------------------+-------+---------+-------+------------------+
---------------------------------------------------------------------------------
Finished RTL Optimization Phase 1 : Time (s): cpu = 00:00:12 ; elapsed = 00:00:14 . Memory (MB): peak = 390.500 ; gain = 139.777
---------------------------------------------------------------------------------
INFO: [Device 21-403] Loading part xc7z020clg400-1
INFO: [Project 1-570] Preparing netlist for logic optimization

Processing XDC Constraints
Initializing timing engine
Completed Processing XDC Constraints

INFO: [Project 1-111] Unisim Transformation Summary:
No Unisim elements were transformed.

Constraint Validation Runtime : Time (s): cpu = 00:00:00 ; elapsed = 00:00:00.142 . Memory (MB): peak = 713.191 ; gain = 0.000
---------------------------------------------------------------------------------
Finished Constraint Validation : Time (s): cpu = 00:00:31 ; elapsed = 00:00:53 . Memory (MB): peak = 713.191 ; gain = 462.469
---------------------------------------------------------------------------------
---------------------------------------------------------------------------------
Start Loading Part and Timing Information
---------------------------------------------------------------------------------
Loading part: xc7z020clg400-1
---------------------------------------------------------------------------------
Finished Loading Part and Timing Information : Time (s): cpu = 00:00:31 ; elapsed = 00:00:54 . Memory (MB): peak = 713.191 ; gain = 462.469
---------------------------------------------------------------------------------
---------------------------------------------------------------------------------
Start Applying 'set_property' XDC Constraints
---------------------------------------------------------------------------------
---------------------------------------------------------------------------------
Finished applying 'set_property' XDC Constraints : Time (s): cpu = 00:00:31 ; elapsed = 00:00:54 . Memory (MB): peak = 713.191 ; gain = 462.469
---------------------------------------------------------------------------------
WARNING: [Synth 8-6014] Unused sequential element address_next_reg was removed.  [C:/Vivado_Projects/MAS/Projekt/MAS_projekt.srcs/sources_1/new/ov7670_bram_capture.vhd:30]
---------------------------------------------------------------------------------
Finished RTL Optimization Phase 2 : Time (s): cpu = 00:00:31 ; elapsed = 00:00:55 . Memory (MB): peak = 713.191 ; gain = 462.469
---------------------------------------------------------------------------------

Report RTL Partitions: 
+-+--------------+------------+----------+
| |RTL Partition |Replication |Instances |
+-+--------------+------------+----------+
+-+--------------+------------+----------+
---------------------------------------------------------------------------------
Start RTL Component Statistics 
---------------------------------------------------------------------------------
Detailed RTL Component Info : 
+---Registers : 
	               32 Bit    Registers := 2     
	               18 Bit    Registers := 1     
	                4 Bit    Registers := 1     
	                1 Bit    Registers := 1     
---------------------------------------------------------------------------------
Finished RTL Component Statistics 
---------------------------------------------------------------------------------
---------------------------------------------------------------------------------
Start RTL Hierarchical Component Statistics 
---------------------------------------------------------------------------------
Hierarchical RTL Component report 
Module ov7670_bram_capture 
Detailed RTL Component Info : 
+---Registers : 
	               32 Bit    Registers := 2     
	               18 Bit    Registers := 1     
	                4 Bit    Registers := 1     
	                1 Bit    Registers := 1     
---------------------------------------------------------------------------------
Finished RTL Hierarchical Component Statistics
---------------------------------------------------------------------------------
---------------------------------------------------------------------------------
Start Part Resource Summary
---------------------------------------------------------------------------------
Part Resources:
DSPs: 220 (col length:60)
BRAMs: 280 (col length: RAMB18 60 RAMB36 30)
---------------------------------------------------------------------------------
Finished Part Resource Summary
---------------------------------------------------------------------------------
---------------------------------------------------------------------------------
Start Cross Boundary and Area Optimization
---------------------------------------------------------------------------------
WARNING: [Synth 8-6014] Unused sequential element U0/address_next_reg was removed.  [C:/Vivado_Projects/MAS/Projekt/MAS_projekt.srcs/sources_1/new/ov7670_bram_capture.vhd:30]
---------------------------------------------------------------------------------
Finished Cross Boundary and Area Optimization : Time (s): cpu = 00:00:32 ; elapsed = 00:00:56 . Memory (MB): peak = 713.191 ; gain = 462.469
---------------------------------------------------------------------------------

Report RTL Partitions: 
+-+--------------+------------+----------+
| |RTL Partition |Replication |Instances |
+-+--------------+------------+----------+
+-+--------------+------------+----------+
---------------------------------------------------------------------------------
Start Applying XDC Timing Constraints
---------------------------------------------------------------------------------
---------------------------------------------------------------------------------
Finished Applying XDC Timing Constraints : Time (s): cpu = 00:00:49 ; elapsed = 00:01:14 . Memory (MB): peak = 713.191 ; gain = 462.469
---------------------------------------------------------------------------------
---------------------------------------------------------------------------------
Start Timing Optimization
---------------------------------------------------------------------------------
---------------------------------------------------------------------------------
Finished Timing Optimization : Time (s): cpu = 00:00:49 ; elapsed = 00:01:14 . Memory (MB): peak = 713.191 ; gain = 462.469
---------------------------------------------------------------------------------

Report RTL Partitions: 
+-+--------------+------------+----------+
| |RTL Partition |Replication |Instances |
+-+--------------+------------+----------+
+-+--------------+------------+----------+
---------------------------------------------------------------------------------
Start Technology Mapping
---------------------------------------------------------------------------------
---------------------------------------------------------------------------------
Finished Technology Mapping : Time (s): cpu = 00:00:49 ; elapsed = 00:01:21 . Memory (MB): peak = 713.191 ; gain = 462.469
---------------------------------------------------------------------------------

Report RTL Partitions: 
+-+--------------+------------+----------+
| |RTL Partition |Replication |Instances |
+-+--------------+------------+----------+
+-+--------------+------------+----------+
---------------------------------------------------------------------------------
Start IO Insertion
---------------------------------------------------------------------------------
---------------------------------------------------------------------------------
Start Flattening Before IO Insertion
---------------------------------------------------------------------------------
---------------------------------------------------------------------------------
Finished Flattening Before IO Insertion
---------------------------------------------------------------------------------
---------------------------------------------------------------------------------
Start Final Netlist Cleanup
---------------------------------------------------------------------------------
---------------------------------------------------------------------------------
Finished Final Netlist Cleanup
---------------------------------------------------------------------------------
---------------------------------------------------------------------------------
Finished IO Insertion : Time (s): cpu = 00:00:50 ; elapsed = 00:01:23 . Memory (MB): peak = 713.191 ; gain = 462.469
---------------------------------------------------------------------------------

Report Check Netlist: 
+------+------------------+-------+---------+-------+------------------+
|      |Item              |Errors |Warnings |Status |Description       |
+------+------------------+-------+---------+-------+------------------+
|1     |multi_driven_nets |      0|        0|Passed |Multi driven nets |
+------+------------------+-------+---------+-------+------------------+
---------------------------------------------------------------------------------
Start Renaming Generated Instances
---------------------------------------------------------------------------------
---------------------------------------------------------------------------------
Finished Renaming Generated Instances : Time (s): cpu = 00:00:50 ; elapsed = 00:01:23 . Memory (MB): peak = 713.191 ; gain = 462.469
---------------------------------------------------------------------------------

Report RTL Partitions: 
+-+--------------+------------+----------+
| |RTL Partition |Replication |Instances |
+-+--------------+------------+----------+
+-+--------------+------------+----------+
---------------------------------------------------------------------------------
Start Rebuilding User Hierarchy
---------------------------------------------------------------------------------
---------------------------------------------------------------------------------
Finished Rebuilding User Hierarchy : Time (s): cpu = 00:00:50 ; elapsed = 00:01:23 . Memory (MB): peak = 713.191 ; gain = 462.469
---------------------------------------------------------------------------------
---------------------------------------------------------------------------------
Start Renaming Generated Ports
---------------------------------------------------------------------------------
---------------------------------------------------------------------------------
Finished Renaming Generated Ports : Time (s): cpu = 00:00:50 ; elapsed = 00:01:23 . Memory (MB): peak = 713.191 ; gain = 462.469
---------------------------------------------------------------------------------
---------------------------------------------------------------------------------
Start Handling Custom Attributes
---------------------------------------------------------------------------------
---------------------------------------------------------------------------------
Finished Handling Custom Attributes : Time (s): cpu = 00:00:50 ; elapsed = 00:01:23 . Memory (MB): peak = 713.191 ; gain = 462.469
---------------------------------------------------------------------------------
---------------------------------------------------------------------------------
Start Renaming Generated Nets
---------------------------------------------------------------------------------
---------------------------------------------------------------------------------
Finished Renaming Generated Nets : Time (s): cpu = 00:00:50 ; elapsed = 00:01:23 . Memory (MB): peak = 713.191 ; gain = 462.469
---------------------------------------------------------------------------------
---------------------------------------------------------------------------------
Start Writing Synthesis Report
---------------------------------------------------------------------------------

Report BlackBoxes: 
+-+--------------+----------+
| |BlackBox name |Instances |
+-+--------------+----------+
+-+--------------+----------+

Report Cell Usage: 
+------+-------+------+
|      |Cell   |Count |
+------+-------+------+
|1     |CARRY4 |     5|
|2     |LUT1   |     2|
|3     |LUT4   |     1|
|4     |FDRE   |   105|
+------+-------+------+

Report Instance Areas: 
+------+---------+--------------------+------+
|      |Instance |Module              |Cells |
+------+---------+--------------------+------+
|1     |top      |                    |   113|
|2     |  U0     |ov7670_bram_capture |   113|
+------+---------+--------------------+------+
---------------------------------------------------------------------------------
Finished Writing Synthesis Report : Time (s): cpu = 00:00:50 ; elapsed = 00:01:23 . Memory (MB): peak = 713.191 ; gain = 462.469
---------------------------------------------------------------------------------
Synthesis finished with 0 errors, 0 critical warnings and 2 warnings.
Synthesis Optimization Runtime : Time (s): cpu = 00:00:30 ; elapsed = 00:00:55 . Memory (MB): peak = 713.191 ; gain = 139.777
Synthesis Optimization Complete : Time (s): cpu = 00:00:51 ; elapsed = 00:01:24 . Memory (MB): peak = 713.191 ; gain = 462.469
INFO: [Project 1-571] Translating synthesized netlist
INFO: [Netlist 29-17] Analyzing 5 Unisim elements for replacement
INFO: [Netlist 29-28] Unisim Transformation completed in 0 CPU seconds
INFO: [Project 1-570] Preparing netlist for logic optimization
INFO: [Opt 31-138] Pushed 0 inverter(s) to 0 load pin(s).
INFO: [Project 1-111] Unisim Transformation Summary:
No Unisim elements were transformed.

INFO: [Common 17-83] Releasing license: Synthesis
16 Infos, 2 Warnings, 0 Critical Warnings and 0 Errors encountered.
synth_design completed successfully
synth_design: Time (s): cpu = 00:00:53 ; elapsed = 00:01:36 . Memory (MB): peak = 713.191 ; gain = 468.906
INFO: [Common 17-1381] The checkpoint 'C:/Vivado_Projects/MAS/Projekt/MAS_projekt.runs/block_design_1_ov7670_bram_capture_0_0_synth_1/block_design_1_ov7670_bram_capture_0_0.dcp' has been generated.
INFO: [Common 17-1381] The checkpoint 'C:/Vivado_Projects/MAS/Projekt/MAS_projekt.runs/block_design_1_ov7670_bram_capture_0_0_synth_1/block_design_1_ov7670_bram_capture_0_0.dcp' has been generated.
INFO: [runtcl-4] Executing : report_utilization -file block_design_1_ov7670_bram_capture_0_0_utilization_synth.rpt -pb block_design_1_ov7670_bram_capture_0_0_utilization_synth.pb
report_utilization: Time (s): cpu = 00:00:00 ; elapsed = 00:00:00.486 . Memory (MB): peak = 713.191 ; gain = 0.000
INFO: [Common 17-206] Exiting Vivado at Thu Jan 25 01:42:14 2018...
