11:56:06 INFO  : Registering command handlers for SDK TCF services
11:56:06 INFO  : Launching XSCT server: xsct.bat -interactive D:\MAS_LRI\Projekt\MAS_projekt.sdk\temp_xsdb_launch_script.tcl
11:56:08 INFO  : XSCT server has started successfully.
11:56:09 INFO  : Successfully done setting XSCT server connection channel  
11:56:09 INFO  : Processing command line option -hwspec D:/MAS_LRI/Projekt/MAS_projekt.sdk/block_design_1_wrapper.hdf.
11:56:09 INFO  : Successfully done setting SDK workspace  
12:00:47 INFO  : Connected to target on host '127.0.0.1' and port '3121'.
12:00:52 INFO  : 'targets -set -filter {jtag_cable_name =~ "Xilinx PYNQ-Z1 003017A4CE72A" && level==0} -index 1' command is executed.
12:00:54 INFO  : FPGA configured successfully with bitstream "D:/MAS_LRI/Projekt/MAS_projekt.sdk/block_design_1_wrapper_hw_platform_0/block_design_1_wrapper.bit"
12:02:49 INFO  : Launching XSCT server: xsct.bat -interactive D:\MAS_LRI\Projekt\MAS_projekt.sdk\temp_xsdb_launch_script.tcl
12:02:51 INFO  : XSCT server has started successfully.
12:03:03 INFO  : 'targets -set -filter {jtag_cable_name =~ "Xilinx PYNQ-Z1 003017A4CE72A" && level==0} -index 1' command is executed.
12:03:03 INFO  : 'fpga -state' command is executed.
12:03:07 INFO  : Memory regions updated for context APU
12:03:15 INFO  : Connected to target on host '127.0.0.1' and port '3121'.
12:03:15 INFO  : 'targets -set -filter {jtag_cable_name =~ "Xilinx PYNQ-Z1 003017A4CE72A" && level==0} -index 1' command is executed.
12:03:18 INFO  : FPGA configured successfully with bitstream "D:/MAS_LRI/Projekt/MAS_projekt.sdk/block_design_1_wrapper_hw_platform_0/block_design_1_wrapper.bit"
12:03:34 INFO  : 'targets -set -filter {jtag_cable_name =~ "Xilinx PYNQ-Z1 003017A4CE72A" && level==0} -index 1' command is executed.
12:03:34 INFO  : 'fpga -state' command is executed.
12:03:34 INFO  : Connected to target on host '127.0.0.1' and port '3121'.
12:03:34 INFO  : Jtag cable 'Xilinx PYNQ-Z1 003017A4CE72A' is selected.
12:03:34 INFO  : 'jtag frequency' command is executed.
12:03:34 INFO  : Sourcing of 'D:/MAS_LRI/Projekt/MAS_projekt.sdk/block_design_1_wrapper_hw_platform_0/ps7_init.tcl' is done.
12:03:34 INFO  : Context for 'APU' is selected.
12:03:34 INFO  : Hardware design information is loaded from 'D:/MAS_LRI/Projekt/MAS_projekt.sdk/block_design_1_wrapper_hw_platform_0/system.hdf'.
12:03:34 INFO  : 'configparams force-mem-access 1' command is executed.
12:03:34 INFO  : Context for 'APU' is selected.
12:03:34 INFO  : 'stop' command is executed.
12:03:35 INFO  : 'ps7_init' command is executed.
12:03:35 INFO  : 'ps7_post_config' command is executed.
12:03:35 INFO  : Context for processor 'ps7_cortexa9_0' is selected.
12:03:35 INFO  : Processor reset is completed for 'ps7_cortexa9_0'.
12:03:35 INFO  : Context for processor 'ps7_cortexa9_0' is selected.
12:03:35 INFO  : The application 'D:/MAS_LRI/Projekt/MAS_projekt.sdk/Camera/Debug/Camera.elf' is downloaded to processor 'ps7_cortexa9_0'.
12:03:35 INFO  : 'configparams force-mem-access 0' command is executed.
12:03:35 INFO  : ----------------XSDB Script----------------
connect -url tcp:127.0.0.1:3121
source D:/MAS_LRI/Projekt/MAS_projekt.sdk/block_design_1_wrapper_hw_platform_0/ps7_init.tcl
targets -set -nocase -filter {name =~"APU*" && jtag_cable_name =~ "Xilinx PYNQ-Z1 003017A4CE72A"} -index 0
loadhw -hw D:/MAS_LRI/Projekt/MAS_projekt.sdk/block_design_1_wrapper_hw_platform_0/system.hdf -mem-ranges [list {0x40000000 0xbfffffff}]
configparams force-mem-access 1
targets -set -nocase -filter {name =~"APU*" && jtag_cable_name =~ "Xilinx PYNQ-Z1 003017A4CE72A"} -index 0
stop
ps7_init
ps7_post_config
targets -set -nocase -filter {name =~ "ARM*#0" && jtag_cable_name =~ "Xilinx PYNQ-Z1 003017A4CE72A"} -index 0
rst -processor
targets -set -nocase -filter {name =~ "ARM*#0" && jtag_cable_name =~ "Xilinx PYNQ-Z1 003017A4CE72A"} -index 0
dow D:/MAS_LRI/Projekt/MAS_projekt.sdk/Camera/Debug/Camera.elf
configparams force-mem-access 0
----------------End of Script----------------

12:03:35 INFO  : Memory regions updated for context APU
12:03:35 INFO  : Context for processor 'ps7_cortexa9_0' is selected.
12:03:35 INFO  : 'con' command is executed.
12:03:35 INFO  : ----------------XSDB Script (After Launch)----------------
targets -set -nocase -filter {name =~ "ARM*#0" && jtag_cable_name =~ "Xilinx PYNQ-Z1 003017A4CE72A"} -index 0
con
----------------End of Script----------------

12:03:35 INFO  : Launch script is exported to file 'D:\MAS_LRI\Projekt\MAS_projekt.sdk\.sdk\launch_scripts\xilinx_c-c++_application_(system_debugger)\system_debugger_using_debug_camera.elf_on_local.tcl'
12:06:38 INFO  : Disconnected from the channel tcfchan#1.
12:06:39 INFO  : 'targets -set -filter {jtag_cable_name =~ "Xilinx PYNQ-Z1 003017A4CE72A" && level==0} -index 1' command is executed.
12:06:40 INFO  : 'fpga -state' command is executed.
12:06:40 INFO  : Connected to target on host '127.0.0.1' and port '3121'.
12:06:40 INFO  : Jtag cable 'Xilinx PYNQ-Z1 003017A4CE72A' is selected.
12:06:40 INFO  : 'jtag frequency' command is executed.
12:06:40 INFO  : Sourcing of 'D:/MAS_LRI/Projekt/MAS_projekt.sdk/block_design_1_wrapper_hw_platform_0/ps7_init.tcl' is done.
12:06:40 INFO  : Context for 'APU' is selected.
12:06:42 INFO  : Hardware design information is loaded from 'D:/MAS_LRI/Projekt/MAS_projekt.sdk/block_design_1_wrapper_hw_platform_0/system.hdf'.
12:06:42 INFO  : 'configparams force-mem-access 1' command is executed.
12:06:42 INFO  : Context for 'APU' is selected.
12:06:42 INFO  : 'stop' command is executed.
12:06:42 INFO  : 'ps7_init' command is executed.
12:06:42 INFO  : 'ps7_post_config' command is executed.
12:06:42 INFO  : Context for processor 'ps7_cortexa9_0' is selected.
12:06:42 INFO  : Processor reset is completed for 'ps7_cortexa9_0'.
12:06:42 INFO  : Context for processor 'ps7_cortexa9_0' is selected.
12:06:43 INFO  : The application 'D:/MAS_LRI/Projekt/MAS_projekt.sdk/Camera/Debug/Camera.elf' is downloaded to processor 'ps7_cortexa9_0'.
12:06:43 INFO  : 'configparams force-mem-access 0' command is executed.
12:06:43 INFO  : ----------------XSDB Script----------------
connect -url tcp:127.0.0.1:3121
source D:/MAS_LRI/Projekt/MAS_projekt.sdk/block_design_1_wrapper_hw_platform_0/ps7_init.tcl
targets -set -nocase -filter {name =~"APU*" && jtag_cable_name =~ "Xilinx PYNQ-Z1 003017A4CE72A"} -index 0
loadhw -hw D:/MAS_LRI/Projekt/MAS_projekt.sdk/block_design_1_wrapper_hw_platform_0/system.hdf -mem-ranges [list {0x40000000 0xbfffffff}]
configparams force-mem-access 1
targets -set -nocase -filter {name =~"APU*" && jtag_cable_name =~ "Xilinx PYNQ-Z1 003017A4CE72A"} -index 0
stop
ps7_init
ps7_post_config
targets -set -nocase -filter {name =~ "ARM*#0" && jtag_cable_name =~ "Xilinx PYNQ-Z1 003017A4CE72A"} -index 0
rst -processor
targets -set -nocase -filter {name =~ "ARM*#0" && jtag_cable_name =~ "Xilinx PYNQ-Z1 003017A4CE72A"} -index 0
dow D:/MAS_LRI/Projekt/MAS_projekt.sdk/Camera/Debug/Camera.elf
configparams force-mem-access 0
----------------End of Script----------------

12:06:43 INFO  : Memory regions updated for context APU
12:06:43 INFO  : Context for processor 'ps7_cortexa9_0' is selected.
12:06:43 INFO  : 'con' command is executed.
12:06:43 INFO  : ----------------XSDB Script (After Launch)----------------
targets -set -nocase -filter {name =~ "ARM*#0" && jtag_cable_name =~ "Xilinx PYNQ-Z1 003017A4CE72A"} -index 0
con
----------------End of Script----------------

12:06:43 INFO  : Launch script is exported to file 'D:\MAS_LRI\Projekt\MAS_projekt.sdk\.sdk\launch_scripts\xilinx_c-c++_application_(system_debugger)\system_debugger_using_debug_camera.elf_on_local.tcl'
12:11:51 INFO  : Disconnected from the channel tcfchan#2.
12:11:52 INFO  : 'targets -set -filter {jtag_cable_name =~ "Xilinx PYNQ-Z1 003017A4CE72A" && level==0} -index 1' command is executed.
12:11:52 INFO  : 'fpga -state' command is executed.
12:11:52 INFO  : Connected to target on host '127.0.0.1' and port '3121'.
12:11:52 INFO  : Jtag cable 'Xilinx PYNQ-Z1 003017A4CE72A' is selected.
12:11:52 INFO  : 'jtag frequency' command is executed.
12:11:52 INFO  : Sourcing of 'D:/MAS_LRI/Projekt/MAS_projekt.sdk/block_design_1_wrapper_hw_platform_0/ps7_init.tcl' is done.
12:11:52 INFO  : Context for 'APU' is selected.
12:11:54 INFO  : Hardware design information is loaded from 'D:/MAS_LRI/Projekt/MAS_projekt.sdk/block_design_1_wrapper_hw_platform_0/system.hdf'.
12:11:54 INFO  : 'configparams force-mem-access 1' command is executed.
12:11:54 INFO  : Context for 'APU' is selected.
12:11:54 INFO  : 'stop' command is executed.
12:11:54 INFO  : 'ps7_init' command is executed.
12:11:54 INFO  : 'ps7_post_config' command is executed.
12:11:54 INFO  : Context for processor 'ps7_cortexa9_0' is selected.
12:11:54 INFO  : Processor reset is completed for 'ps7_cortexa9_0'.
12:11:54 INFO  : Context for processor 'ps7_cortexa9_0' is selected.
12:11:55 INFO  : The application 'D:/MAS_LRI/Projekt/MAS_projekt.sdk/Camera/Debug/Camera.elf' is downloaded to processor 'ps7_cortexa9_0'.
12:11:55 INFO  : 'configparams force-mem-access 0' command is executed.
12:11:55 INFO  : ----------------XSDB Script----------------
connect -url tcp:127.0.0.1:3121
source D:/MAS_LRI/Projekt/MAS_projekt.sdk/block_design_1_wrapper_hw_platform_0/ps7_init.tcl
targets -set -nocase -filter {name =~"APU*" && jtag_cable_name =~ "Xilinx PYNQ-Z1 003017A4CE72A"} -index 0
loadhw -hw D:/MAS_LRI/Projekt/MAS_projekt.sdk/block_design_1_wrapper_hw_platform_0/system.hdf -mem-ranges [list {0x40000000 0xbfffffff}]
configparams force-mem-access 1
targets -set -nocase -filter {name =~"APU*" && jtag_cable_name =~ "Xilinx PYNQ-Z1 003017A4CE72A"} -index 0
stop
ps7_init
ps7_post_config
targets -set -nocase -filter {name =~ "ARM*#0" && jtag_cable_name =~ "Xilinx PYNQ-Z1 003017A4CE72A"} -index 0
rst -processor
targets -set -nocase -filter {name =~ "ARM*#0" && jtag_cable_name =~ "Xilinx PYNQ-Z1 003017A4CE72A"} -index 0
dow D:/MAS_LRI/Projekt/MAS_projekt.sdk/Camera/Debug/Camera.elf
configparams force-mem-access 0
----------------End of Script----------------

12:11:55 INFO  : Memory regions updated for context APU
12:11:55 INFO  : Context for processor 'ps7_cortexa9_0' is selected.
12:11:55 INFO  : 'con' command is executed.
12:11:55 INFO  : ----------------XSDB Script (After Launch)----------------
targets -set -nocase -filter {name =~ "ARM*#0" && jtag_cable_name =~ "Xilinx PYNQ-Z1 003017A4CE72A"} -index 0
con
----------------End of Script----------------

12:11:55 INFO  : Launch script is exported to file 'D:\MAS_LRI\Projekt\MAS_projekt.sdk\.sdk\launch_scripts\xilinx_c-c++_application_(system_debugger)\system_debugger_using_debug_camera.elf_on_local.tcl'
12:25:24 INFO  : Disconnected from the channel tcfchan#3.
12:25:25 INFO  : 'targets -set -filter {jtag_cable_name =~ "Xilinx PYNQ-Z1 003017A4CE72A" && level==0} -index 1' command is executed.
12:25:25 INFO  : 'fpga -state' command is executed.
12:25:25 INFO  : Connected to target on host '127.0.0.1' and port '3121'.
12:25:26 INFO  : Jtag cable 'Xilinx PYNQ-Z1 003017A4CE72A' is selected.
12:25:26 INFO  : 'jtag frequency' command is executed.
12:25:26 INFO  : Sourcing of 'D:/MAS_LRI/Projekt/MAS_projekt.sdk/block_design_1_wrapper_hw_platform_0/ps7_init.tcl' is done.
12:25:26 INFO  : Context for 'APU' is selected.
12:25:28 INFO  : Hardware design information is loaded from 'D:/MAS_LRI/Projekt/MAS_projekt.sdk/block_design_1_wrapper_hw_platform_0/system.hdf'.
12:25:28 INFO  : 'configparams force-mem-access 1' command is executed.
12:25:28 INFO  : Context for 'APU' is selected.
12:25:28 INFO  : 'stop' command is executed.
12:25:29 INFO  : 'ps7_init' command is executed.
12:25:29 INFO  : 'ps7_post_config' command is executed.
12:25:29 INFO  : Context for processor 'ps7_cortexa9_0' is selected.
12:25:29 INFO  : Processor reset is completed for 'ps7_cortexa9_0'.
12:25:29 INFO  : Context for processor 'ps7_cortexa9_0' is selected.
12:25:29 INFO  : The application 'D:/MAS_LRI/Projekt/MAS_projekt.sdk/Camera/Debug/Camera.elf' is downloaded to processor 'ps7_cortexa9_0'.
12:25:29 INFO  : 'configparams force-mem-access 0' command is executed.
12:25:29 INFO  : ----------------XSDB Script----------------
connect -url tcp:127.0.0.1:3121
source D:/MAS_LRI/Projekt/MAS_projekt.sdk/block_design_1_wrapper_hw_platform_0/ps7_init.tcl
targets -set -nocase -filter {name =~"APU*" && jtag_cable_name =~ "Xilinx PYNQ-Z1 003017A4CE72A"} -index 0
loadhw -hw D:/MAS_LRI/Projekt/MAS_projekt.sdk/block_design_1_wrapper_hw_platform_0/system.hdf -mem-ranges [list {0x40000000 0xbfffffff}]
configparams force-mem-access 1
targets -set -nocase -filter {name =~"APU*" && jtag_cable_name =~ "Xilinx PYNQ-Z1 003017A4CE72A"} -index 0
stop
ps7_init
ps7_post_config
targets -set -nocase -filter {name =~ "ARM*#0" && jtag_cable_name =~ "Xilinx PYNQ-Z1 003017A4CE72A"} -index 0
rst -processor
targets -set -nocase -filter {name =~ "ARM*#0" && jtag_cable_name =~ "Xilinx PYNQ-Z1 003017A4CE72A"} -index 0
dow D:/MAS_LRI/Projekt/MAS_projekt.sdk/Camera/Debug/Camera.elf
configparams force-mem-access 0
----------------End of Script----------------

12:25:29 INFO  : Memory regions updated for context APU
12:25:29 INFO  : Context for processor 'ps7_cortexa9_0' is selected.
12:25:29 INFO  : 'con' command is executed.
12:25:29 INFO  : ----------------XSDB Script (After Launch)----------------
targets -set -nocase -filter {name =~ "ARM*#0" && jtag_cable_name =~ "Xilinx PYNQ-Z1 003017A4CE72A"} -index 0
con
----------------End of Script----------------

12:25:29 INFO  : Launch script is exported to file 'D:\MAS_LRI\Projekt\MAS_projekt.sdk\.sdk\launch_scripts\xilinx_c-c++_application_(system_debugger)\system_debugger_using_debug_camera.elf_on_local.tcl'
12:28:44 INFO  : Disconnected from the channel tcfchan#4.
