#-----------------------------------------------------------
# Vivado v2017.3 (64-bit)
# SW Build 2018833 on Wed Oct  4 19:58:22 MDT 2017
# IP Build 2016188 on Wed Oct  4 21:52:56 MDT 2017
# Start of session at: Tue Dec 19 11:16:38 2017
# Process ID: 8576
# Current directory: D:/FER/Multimedijske arhitekture i sustavi/Projekt/MAS_LRI/Projekt
# Command line: vivado.exe -gui_launcher_event rodinguilauncherevent4176 D:\FER\Multimedijske arhitekture i sustavi\Projekt\MAS_LRI\Projekt\MAS projekt.xpr
# Log file: D:/FER/Multimedijske arhitekture i sustavi/Projekt/MAS_LRI/Projekt/vivado.log
# Journal file: D:/FER/Multimedijske arhitekture i sustavi/Projekt/MAS_LRI/Projekt\vivado.jou
#-----------------------------------------------------------
start_gui
open_project {D:/FER/Multimedijske arhitekture i sustavi/Projekt/MAS_LRI/Projekt/MAS projekt.xpr}
INFO: [Project 1-313] Project file moved from 'D:/Vivado_Projects/MAS/Projekt' since last save.
Scanning sources...
Finished scanning sources
WARNING: [filemgmt 56-2] IPUserFilesDir: Could not find the directory 'D:/FER/Multimedijske arhitekture i sustavi/Projekt/MAS_LRI/Projekt/MAS projekt.ip_user_files', nor could it be found using path 'D:/Vivado_Projects/MAS/Projekt/MAS projekt.ip_user_files'.
INFO: [IP_Flow 19-234] Refreshing IP repositories
INFO: [IP_Flow 19-1704] No user IP repositories specified
INFO: [IP_Flow 19-2313] Loaded Vivado IP repository 'D:/Xilinx/Vivado/2017.3/data/ip'.
open_project: Time (s): cpu = 00:00:10 ; elapsed = 00:00:06 . Memory (MB): peak = 791.488 ; gain = 58.883
update_compile_order -fileset sources_1
open_bd_design {D:/FER/Multimedijske arhitekture i sustavi/Projekt/MAS_LRI/Projekt/MAS projekt.srcs/sources_1/bd/block_design_1/block_design_1.bd}
Adding cell -- xilinx.com:ip:processing_system7:5.5 - processing_system7_0
Adding cell -- xilinx.com:ip:axi_gpio:2.0 - axi_gpio_0
Adding cell -- xilinx.com:ip:proc_sys_reset:5.0 - rst_ps7_0_100M
Adding cell -- xilinx.com:ip:axi_gpio:2.0 - axi_gpio_1
Adding cell -- xilinx.com:ip:xlconcat:2.1 - xlconcat_0
Adding cell -- xilinx.com:ip:axi_crossbar:2.1 - xbar
Adding cell -- xilinx.com:ip:axi_protocol_converter:2.1 - auto_pc
Successfully read diagram <block_design_1> from BD file <D:/FER/Multimedijske arhitekture i sustavi/Projekt/MAS_LRI/Projekt/MAS projekt.srcs/sources_1/bd/block_design_1/block_design_1.bd>
open_bd_design: Time (s): cpu = 00:00:07 ; elapsed = 00:00:07 . Memory (MB): peak = 868.027 ; gain = 50.207
launch_runs impl_1 -jobs 4
INFO: [BD 41-1662] The design 'block_design_1.bd' is already validated. Therefore parameter propagation will not be re-run.
VHDL Output written to : D:/FER/Multimedijske arhitekture i sustavi/Projekt/MAS_LRI/Projekt/MAS projekt.srcs/sources_1/bd/block_design_1/synth/block_design_1.vhd
VHDL Output written to : D:/FER/Multimedijske arhitekture i sustavi/Projekt/MAS_LRI/Projekt/MAS projekt.srcs/sources_1/bd/block_design_1/sim/block_design_1.vhd
VHDL Output written to : D:/FER/Multimedijske arhitekture i sustavi/Projekt/MAS_LRI/Projekt/MAS projekt.srcs/sources_1/bd/block_design_1/hdl/block_design_1_wrapper.vhd
INFO: [BD 41-1029] Generation completed for the IP Integrator block processing_system7_0 .
INFO: [BD 41-1029] Generation completed for the IP Integrator block axi_gpio_0 .
INFO: [BD 41-1029] Generation completed for the IP Integrator block rst_ps7_0_100M .
INFO: [BD 41-1029] Generation completed for the IP Integrator block axi_gpio_1 .
INFO: [BD 41-1029] Generation completed for the IP Integrator block ps7_0_axi_periph/xbar .
INFO: [BD 41-1029] Generation completed for the IP Integrator block xlconcat_0 .
WARNING: [IP_Flow 19-4994] Overwriting existing constraint file 'd:/FER/Multimedijske arhitekture i sustavi/Projekt/MAS_LRI/Projekt/MAS projekt.srcs/sources_1/bd/block_design_1/ip/block_design_1_auto_pc_0/block_design_1_auto_pc_0_ooc.xdc'
INFO: [BD 41-1029] Generation completed for the IP Integrator block ps7_0_axi_periph/s00_couplers/auto_pc .
Exporting to file D:/FER/Multimedijske arhitekture i sustavi/Projekt/MAS_LRI/Projekt/MAS projekt.srcs/sources_1/bd/block_design_1/hw_handoff/block_design_1.hwh
Generated Block Design Tcl file D:/FER/Multimedijske arhitekture i sustavi/Projekt/MAS_LRI/Projekt/MAS projekt.srcs/sources_1/bd/block_design_1/hw_handoff/block_design_1_bd.tcl
Generated Hardware Definition File D:/FER/Multimedijske arhitekture i sustavi/Projekt/MAS_LRI/Projekt/MAS projekt.srcs/sources_1/bd/block_design_1/synth/block_design_1.hwdef
[Tue Dec 19 11:18:25 2017] Launched block_design_1_axi_gpio_0_0_synth_1, block_design_1_processing_system7_0_0_synth_1, block_design_1_rst_ps7_0_100M_0_synth_1, block_design_1_axi_gpio_1_0_synth_1, block_design_1_xbar_0_synth_1, block_design_1_xlconcat_0_0_synth_1, block_design_1_auto_pc_0_synth_1, synth_1...
Run output will be captured here:
block_design_1_axi_gpio_0_0_synth_1: D:/FER/Multimedijske arhitekture i sustavi/Projekt/MAS_LRI/Projekt/MAS projekt.runs/block_design_1_axi_gpio_0_0_synth_1/runme.log
block_design_1_processing_system7_0_0_synth_1: D:/FER/Multimedijske arhitekture i sustavi/Projekt/MAS_LRI/Projekt/MAS projekt.runs/block_design_1_processing_system7_0_0_synth_1/runme.log
block_design_1_rst_ps7_0_100M_0_synth_1: D:/FER/Multimedijske arhitekture i sustavi/Projekt/MAS_LRI/Projekt/MAS projekt.runs/block_design_1_rst_ps7_0_100M_0_synth_1/runme.log
block_design_1_axi_gpio_1_0_synth_1: D:/FER/Multimedijske arhitekture i sustavi/Projekt/MAS_LRI/Projekt/MAS projekt.runs/block_design_1_axi_gpio_1_0_synth_1/runme.log
block_design_1_xbar_0_synth_1: D:/FER/Multimedijske arhitekture i sustavi/Projekt/MAS_LRI/Projekt/MAS projekt.runs/block_design_1_xbar_0_synth_1/runme.log
block_design_1_xlconcat_0_0_synth_1: D:/FER/Multimedijske arhitekture i sustavi/Projekt/MAS_LRI/Projekt/MAS projekt.runs/block_design_1_xlconcat_0_0_synth_1/runme.log
block_design_1_auto_pc_0_synth_1: D:/FER/Multimedijske arhitekture i sustavi/Projekt/MAS_LRI/Projekt/MAS projekt.runs/block_design_1_auto_pc_0_synth_1/runme.log
synth_1: D:/FER/Multimedijske arhitekture i sustavi/Projekt/MAS_LRI/Projekt/MAS projekt.runs/synth_1/runme.log
[Tue Dec 19 11:18:25 2017] Launched impl_1...
Run output will be captured here: D:/FER/Multimedijske arhitekture i sustavi/Projekt/MAS_LRI/Projekt/MAS projekt.runs/impl_1/runme.log
launch_runs: Time (s): cpu = 00:00:32 ; elapsed = 00:00:37 . Memory (MB): peak = 1029.691 ; gain = 157.500
launch_runs impl_1 -to_step write_bitstream -jobs 4
[Tue Dec 19 11:23:22 2017] Launched impl_1...
Run output will be captured here: D:/FER/Multimedijske arhitekture i sustavi/Projekt/MAS_LRI/Projekt/MAS projekt.runs/impl_1/runme.log
reset_run synth_1
launch_runs impl_1 -to_step write_bitstream -jobs 4
[Tue Dec 19 11:27:36 2017] Launched synth_1...
Run output will be captured here: D:/FER/Multimedijske arhitekture i sustavi/Projekt/MAS_LRI/Projekt/MAS projekt.runs/synth_1/runme.log
[Tue Dec 19 11:27:36 2017] Launched impl_1...
Run output will be captured here: D:/FER/Multimedijske arhitekture i sustavi/Projekt/MAS_LRI/Projekt/MAS projekt.runs/impl_1/runme.log
reset_run synth_1
launch_runs impl_1 -to_step write_bitstream -jobs 4
[Tue Dec 19 11:31:28 2017] Launched synth_1...
Run output will be captured here: D:/FER/Multimedijske arhitekture i sustavi/Projekt/MAS_LRI/Projekt/MAS projekt.runs/synth_1/runme.log
[Tue Dec 19 11:31:29 2017] Launched impl_1...
Run output will be captured here: D:/FER/Multimedijske arhitekture i sustavi/Projekt/MAS_LRI/Projekt/MAS projekt.runs/impl_1/runme.log
open_run impl_1
INFO: [Netlist 29-17] Analyzing 42 Unisim elements for replacement
INFO: [Netlist 29-28] Unisim Transformation completed in 0 CPU seconds
INFO: [Project 1-479] Netlist was created with Vivado 2017.3
INFO: [Device 21-403] Loading part xc7z020clg400-1
INFO: [Project 1-570] Preparing netlist for logic optimization
Parsing XDC File [D:/FER/Multimedijske arhitekture i sustavi/Projekt/MAS_LRI/Projekt/.Xil/Vivado-8576-Lenovo/dcp29/block_design_1_wrapper_board.xdc]
Finished Parsing XDC File [D:/FER/Multimedijske arhitekture i sustavi/Projekt/MAS_LRI/Projekt/.Xil/Vivado-8576-Lenovo/dcp29/block_design_1_wrapper_board.xdc]
Parsing XDC File [D:/FER/Multimedijske arhitekture i sustavi/Projekt/MAS_LRI/Projekt/.Xil/Vivado-8576-Lenovo/dcp29/block_design_1_wrapper_early.xdc]
Finished Parsing XDC File [D:/FER/Multimedijske arhitekture i sustavi/Projekt/MAS_LRI/Projekt/.Xil/Vivado-8576-Lenovo/dcp29/block_design_1_wrapper_early.xdc]
Parsing XDC File [D:/FER/Multimedijske arhitekture i sustavi/Projekt/MAS_LRI/Projekt/.Xil/Vivado-8576-Lenovo/dcp29/block_design_1_wrapper.xdc]
Finished Parsing XDC File [D:/FER/Multimedijske arhitekture i sustavi/Projekt/MAS_LRI/Projekt/.Xil/Vivado-8576-Lenovo/dcp29/block_design_1_wrapper.xdc]
Parsing XDC File [D:/FER/Multimedijske arhitekture i sustavi/Projekt/MAS_LRI/Projekt/.Xil/Vivado-8576-Lenovo/dcp29/block_design_1_wrapper_late.xdc]
Finished Parsing XDC File [D:/FER/Multimedijske arhitekture i sustavi/Projekt/MAS_LRI/Projekt/.Xil/Vivado-8576-Lenovo/dcp29/block_design_1_wrapper_late.xdc]
Reading XDEF placement.
Reading placer database...
Reading XDEF routing.
Read XDEF File: Time (s): cpu = 00:00:01 ; elapsed = 00:00:00.438 . Memory (MB): peak = 1418.289 ; gain = 1.000
Restored from archive | CPU: 1.000000 secs | Memory: 0.000000 MB |
Finished XDEF File Restore: Time (s): cpu = 00:00:01 ; elapsed = 00:00:00.438 . Memory (MB): peak = 1418.289 ; gain = 1.000
INFO: [Project 1-111] Unisim Transformation Summary:
  A total of 6 instances were transformed.
  IOBUF => IOBUF (IBUF, OBUFT): 6 instances

open_run: Time (s): cpu = 00:00:16 ; elapsed = 00:00:14 . Memory (MB): peak = 1535.484 ; gain = 326.523
file mkdir {D:/FER/Multimedijske arhitekture i sustavi/Projekt/MAS_LRI/Projekt/MAS projekt.sdk}
file copy -force {D:/FER/Multimedijske arhitekture i sustavi/Projekt/MAS_LRI/Projekt/MAS projekt.runs/impl_1/block_design_1_wrapper.sysdef} {D:/FER/Multimedijske arhitekture i sustavi/Projekt/MAS_LRI/Projekt/MAS projekt.sdk/block_design_1_wrapper.hdf}

launch_sdk -workspace {D:/FER/Multimedijske arhitekture i sustavi/Projekt/MAS_LRI/Projekt/MAS projekt.sdk} -hwspec {D:/FER/Multimedijske arhitekture i sustavi/Projekt/MAS_LRI/Projekt/MAS projekt.sdk/block_design_1_wrapper.hdf}
INFO: [Vivado 12-393] Launching SDK...
INFO: [Vivado 12-417] Running xsdk -workspace D:/FER/Multimedijske arhitekture i sustavi/Projekt/MAS_LRI/Projekt/MAS projekt.sdk -hwspec D:/FER/Multimedijske arhitekture i sustavi/Projekt/MAS_LRI/Projekt/MAS projekt.sdk/block_design_1_wrapper.hdf
INFO: [Vivado 12-3157] SDK launch initiated. Please check console for any further messages.
exit
INFO: [Common 17-206] Exiting Vivado at Tue Dec 19 11:38:33 2017...
