#-----------------------------------------------------------
# Vivado v2017.3 (64-bit)
# SW Build 2018833 on Wed Oct  4 19:58:22 MDT 2017
# IP Build 2016188 on Wed Oct  4 21:52:56 MDT 2017
# Start of session at: Tue Dec 19 09:37:01 2017
# Process ID: 3708
# Current directory: D:/FER/Multimedijske arhitekture i sustavi/Projekt/MAS_LRI/Projekt
# Command line: vivado.exe -gui_launcher_event rodinguilauncherevent2708 D:\FER\Multimedijske arhitekture i sustavi\Projekt\MAS_LRI\Projekt\MAS projekt.xpr
# Log file: D:/FER/Multimedijske arhitekture i sustavi/Projekt/MAS_LRI/Projekt/vivado.log
# Journal file: D:/FER/Multimedijske arhitekture i sustavi/Projekt/MAS_LRI/Projekt\vivado.jou
#-----------------------------------------------------------
start_gui
open_project {D:/FER/Multimedijske arhitekture i sustavi/Projekt/MAS_LRI/Projekt/MAS projekt.xpr}
INFO: [Project 1-313] Project file moved from 'C:/Vivado Projects/MAS projekt' since last save.
Scanning sources...
Finished scanning sources
WARNING: [filemgmt 56-2] IPUserFilesDir: Could not find the directory 'D:/FER/Multimedijske arhitekture i sustavi/Projekt/MAS_LRI/Projekt/MAS projekt.ip_user_files', nor could it be found using path 'C:/Vivado Projects/MAS projekt/MAS projekt.ip_user_files'.
INFO: [IP_Flow 19-234] Refreshing IP repositories
INFO: [IP_Flow 19-1704] No user IP repositories specified
INFO: [IP_Flow 19-2313] Loaded Vivado IP repository 'D:/Xilinx/Vivado/2017.3/data/ip'.
open_project: Time (s): cpu = 00:00:12 ; elapsed = 00:00:16 . Memory (MB): peak = 772.699 ; gain = 115.246
update_compile_order -fileset sources_1
open_bd_design {D:/FER/Multimedijske arhitekture i sustavi/Projekt/MAS_LRI/Projekt/MAS projekt.srcs/sources_1/bd/block_design_1/block_design_1.bd}
Adding cell -- xilinx.com:ip:processing_system7:5.5 - processing_system7_0
Adding cell -- xilinx.com:ip:axi_gpio:2.0 - axi_gpio_0
Adding cell -- xilinx.com:ip:proc_sys_reset:5.0 - rst_ps7_0_100M
Adding cell -- xilinx.com:ip:axi_protocol_converter:2.1 - auto_pc
Successfully read diagram <block_design_1> from BD file <D:/FER/Multimedijske arhitekture i sustavi/Projekt/MAS_LRI/Projekt/MAS projekt.srcs/sources_1/bd/block_design_1/block_design_1.bd>
open_bd_design: Time (s): cpu = 00:00:12 ; elapsed = 00:00:14 . Memory (MB): peak = 797.859 ; gain = 19.023
exit
INFO: [Common 17-206] Exiting Vivado at Tue Dec 19 09:38:53 2017...
