Copyright 1986-2017 Xilinx, Inc. All Rights Reserved.
----------------------------------------------------------------------------------------------------------------------------------------------------------------------------------------
| Tool Version     : Vivado v.2017.3.1 (win64) Build 2035080 Fri Oct 20 14:20:01 MDT 2017
| Date             : Thu Jan 25 01:50:00 2018
| Host             : TERMINATOR running 64-bit Service Pack 1  (build 7601)
| Command          : report_power -file block_design_1_wrapper_power_routed.rpt -pb block_design_1_wrapper_power_summary_routed.pb -rpx block_design_1_wrapper_power_routed.rpx
| Design           : block_design_1_wrapper
| Device           : xc7z020clg400-1
| Design State     : routed
| Grade            : commercial
| Process          : typical
| Characterization : Production
----------------------------------------------------------------------------------------------------------------------------------------------------------------------------------------

Power Report

Table of Contents
-----------------
1. Summary
1.1 On-Chip Components
1.2 Power Supply Summary
1.3 Confidence Level
2. Settings
2.1 Environment
2.2 Clock Constraints
3. Detailed Reports
3.1 By Hierarchy

1. Summary
----------

+--------------------------+--------------+
| Total On-Chip Power (W)  | 1.441        |
| Design Power Budget (W)  | Unspecified* |
| Power Budget Margin (W)  | NA           |
| Dynamic (W)              | 1.291        |
| Device Static (W)        | 0.150        |
| Effective TJA (C/W)      | 11.5         |
| Max Ambient (C)          | 68.4         |
| Junction Temperature (C) | 41.6         |
| Confidence Level         | Low          |
| Setting File             | ---          |
| Simulation Activity File | ---          |
| Design Nets Matched      | NA           |
+--------------------------+--------------+
* Specify Design Power Budget using, set_operating_conditions -design_power_budget <value in Watts>


1.1 On-Chip Components
----------------------

+-------------------------+-----------+----------+-----------+-----------------+
| On-Chip                 | Power (W) | Used     | Available | Utilization (%) |
+-------------------------+-----------+----------+-----------+-----------------+
| Clocks                  |     0.011 |        4 |       --- |             --- |
| Slice Logic             |     0.004 |     3882 |       --- |             --- |
|   LUT as Logic          |     0.004 |     1485 |     53200 |            2.79 |
|   Register              |    <0.001 |     1340 |    106400 |            1.26 |
|   CARRY4                |    <0.001 |       41 |     13300 |            0.31 |
|   F7/F8 Muxes           |    <0.001 |      189 |     53200 |            0.36 |
|   BUFG                  |    <0.001 |        1 |        32 |            3.13 |
|   LUT as Shift Register |    <0.001 |       53 |     17400 |            0.30 |
|   Others                |     0.000 |      518 |       --- |             --- |
| Signals                 |     0.010 |     3553 |       --- |             --- |
| Block RAM               |     0.008 |    136.5 |       140 |           97.50 |
| I/O                     |     0.008 |       30 |       125 |           24.00 |
| PS7                     |     1.250 |        1 |       --- |             --- |
| Static Power            |     0.150 |          |           |                 |
| Total                   |     1.441 |          |           |                 |
+-------------------------+-----------+----------+-----------+-----------------+


1.2 Power Supply Summary
------------------------

+-----------+-------------+-----------+-------------+------------+
| Source    | Voltage (V) | Total (A) | Dynamic (A) | Static (A) |
+-----------+-------------+-----------+-------------+------------+
| Vccint    |       1.000 |     0.051 |       0.033 |      0.017 |
| Vccaux    |       1.800 |     0.015 |       0.000 |      0.014 |
| Vcco33    |       3.300 |     0.003 |       0.002 |      0.001 |
| Vcco25    |       2.500 |     0.000 |       0.000 |      0.000 |
| Vcco18    |       1.800 |     0.000 |       0.000 |      0.000 |
| Vcco15    |       1.500 |     0.000 |       0.000 |      0.000 |
| Vcco135   |       1.350 |     0.000 |       0.000 |      0.000 |
| Vcco12    |       1.200 |     0.000 |       0.000 |      0.000 |
| Vccaux_io |       1.800 |     0.000 |       0.000 |      0.000 |
| Vccbram   |       1.000 |     0.009 |       0.001 |      0.009 |
| MGTAVcc   |       1.000 |     0.000 |       0.000 |      0.000 |
| MGTAVtt   |       1.200 |     0.000 |       0.000 |      0.000 |
| MGTVccaux |       1.800 |     0.000 |       0.000 |      0.000 |
| Vccpint   |       1.000 |     0.674 |       0.646 |      0.027 |
| Vccpaux   |       1.800 |     0.036 |       0.026 |      0.010 |
| Vccpll    |       1.800 |     0.017 |       0.014 |      0.003 |
| Vcco_ddr  |       1.500 |     0.354 |       0.352 |      0.002 |
| Vcco_mio0 |       3.300 |     0.001 |       0.000 |      0.001 |
| Vcco_mio1 |       1.800 |     0.003 |       0.002 |      0.001 |
| Vccadc    |       1.800 |     0.020 |       0.000 |      0.020 |
+-----------+-------------+-----------+-------------+------------+


1.3 Confidence Level
--------------------

+-----------------------------+------------+--------------------------------------------------------+--------------------------------------------------------------------------------------------------------------------+
| User Input Data             | Confidence | Details                                                | Action                                                                                                             |
+-----------------------------+------------+--------------------------------------------------------+--------------------------------------------------------------------------------------------------------------------+
| Design implementation state | High       | Design is routed                                       |                                                                                                                    |
| Clock nodes activity        | Medium     | More than 5% of clocks are missing user specification  | Provide missing clock activity with a constraint file, simulation results or by editing the "By Clock Domain" view |
| I/O nodes activity          | Low        | More than 75% of inputs are missing user specification | Provide missing input activity with simulation results or by editing the "By Resource Type -> I/Os" view           |
| Internal nodes activity     | Medium     | User specified less than 25% of internal nodes         | Provide missing internal nodes activity with simulation results or by editing the "By Resource Type" views         |
| Device models               | High       | Device models are Production                           |                                                                                                                    |
|                             |            |                                                        |                                                                                                                    |
| Overall confidence level    | Low        |                                                        |                                                                                                                    |
+-----------------------------+------------+--------------------------------------------------------+--------------------------------------------------------------------------------------------------------------------+


2. Settings
-----------

2.1 Environment
---------------

+-----------------------+------------------------+
| Ambient Temp (C)      | 25.0                   |
| ThetaJA (C/W)         | 11.5                   |
| Airflow (LFM)         | 250                    |
| Heat Sink             | none                   |
| ThetaSA (C/W)         | 0.0                    |
| Board Selection       | medium (10"x10")       |
| # of Board Layers     | 8to11 (8 to 11 Layers) |
| Board Temperature (C) | 25.0                   |
+-----------------------+------------------------+


2.2 Clock Constraints
---------------------

+------------+-------------------------------------------------------------------+-----------------+
| Clock      | Domain                                                            | Constraint (ns) |
+------------+-------------------------------------------------------------------+-----------------+
| clk_fpga_0 | block_design_1_i/processing_system7_0/inst/FCLK_CLK_unbuffered[0] |            10.0 |
| clk_fpga_1 | block_design_1_i/processing_system7_0/inst/FCLK_CLK_unbuffered[1] |            50.0 |
+------------+-------------------------------------------------------------------+-----------------+


3. Detailed Reports
-------------------

3.1 By Hierarchy
----------------

+--------------------------------------------------+-----------+
| Name                                             | Power (W) |
+--------------------------------------------------+-----------+
| block_design_1_wrapper                           |     1.291 |
|   block_design_1_i                               |     1.283 |
|     axi_bram_ctrl_0                              |     0.004 |
|       U0                                         |     0.004 |
|         gext_inst.abcv4_0_ext_inst               |     0.004 |
|           GEN_AXI4.I_FULL_AXI                    |     0.004 |
|             GEN_ARB.I_SNG_PORT                   |    <0.001 |
|             I_RD_CHNL                            |     0.002 |
|               I_WRAP_BRST                        |    <0.001 |
|             I_WR_CHNL                            |    <0.001 |
|               BID_FIFO                           |    <0.001 |
|               I_WRAP_BRST                        |    <0.001 |
|     axi_gpio_0                                   |     0.001 |
|       U0                                         |     0.001 |
|         AXI_LITE_IPIF_I                          |    <0.001 |
|           I_SLAVE_ATTACHMENT                     |    <0.001 |
|             I_DECODER                            |    <0.001 |
|         gpio_core_1                              |    <0.001 |
|           Dual.INPUT_DOUBLE_REGS4                |    <0.001 |
|           Dual.INPUT_DOUBLE_REGS5                |    <0.001 |
|     axi_gpio_1                                   |    <0.001 |
|       U0                                         |    <0.001 |
|         AXI_LITE_IPIF_I                          |    <0.001 |
|           I_SLAVE_ATTACHMENT                     |    <0.001 |
|             I_DECODER                            |    <0.001 |
|         gpio_core_1                              |    <0.001 |
|           Dual.INPUT_DOUBLE_REGS4                |    <0.001 |
|           Dual.INPUT_DOUBLE_REGS5                |    <0.001 |
|     blk_mem_gen_0                                |     0.011 |
|       U0                                         |     0.011 |
|         inst_blk_mem_gen                         |     0.011 |
|           gnbram.gnativebmg.native_blk_mem_gen   |     0.011 |
|             valid.cstr                           |     0.011 |
|               has_mux_b.B                        |     0.002 |
|               ramloop[0].ram.r                   |    <0.001 |
|                 prim_noinit.ram                  |    <0.001 |
|               ramloop[100].ram.r                 |    <0.001 |
|                 prim_noinit.ram                  |    <0.001 |
|               ramloop[101].ram.r                 |    <0.001 |
|                 prim_noinit.ram                  |    <0.001 |
|               ramloop[102].ram.r                 |    <0.001 |
|                 prim_noinit.ram                  |    <0.001 |
|               ramloop[103].ram.r                 |    <0.001 |
|                 prim_noinit.ram                  |    <0.001 |
|               ramloop[104].ram.r                 |    <0.001 |
|                 prim_noinit.ram                  |    <0.001 |
|               ramloop[105].ram.r                 |    <0.001 |
|                 prim_noinit.ram                  |    <0.001 |
|               ramloop[106].ram.r                 |    <0.001 |
|                 prim_noinit.ram                  |    <0.001 |
|               ramloop[107].ram.r                 |    <0.001 |
|                 prim_noinit.ram                  |    <0.001 |
|               ramloop[108].ram.r                 |    <0.001 |
|                 prim_noinit.ram                  |    <0.001 |
|               ramloop[109].ram.r                 |    <0.001 |
|                 prim_noinit.ram                  |    <0.001 |
|               ramloop[10].ram.r                  |    <0.001 |
|                 prim_noinit.ram                  |    <0.001 |
|               ramloop[110].ram.r                 |    <0.001 |
|                 prim_noinit.ram                  |    <0.001 |
|               ramloop[111].ram.r                 |    <0.001 |
|                 prim_noinit.ram                  |    <0.001 |
|               ramloop[112].ram.r                 |    <0.001 |
|                 prim_noinit.ram                  |    <0.001 |
|               ramloop[113].ram.r                 |    <0.001 |
|                 prim_noinit.ram                  |    <0.001 |
|               ramloop[114].ram.r                 |    <0.001 |
|                 prim_noinit.ram                  |    <0.001 |
|               ramloop[115].ram.r                 |    <0.001 |
|                 prim_noinit.ram                  |    <0.001 |
|               ramloop[116].ram.r                 |    <0.001 |
|                 prim_noinit.ram                  |    <0.001 |
|               ramloop[117].ram.r                 |    <0.001 |
|                 prim_noinit.ram                  |    <0.001 |
|               ramloop[118].ram.r                 |    <0.001 |
|                 prim_noinit.ram                  |    <0.001 |
|               ramloop[119].ram.r                 |    <0.001 |
|                 prim_noinit.ram                  |    <0.001 |
|               ramloop[11].ram.r                  |    <0.001 |
|                 prim_noinit.ram                  |    <0.001 |
|               ramloop[120].ram.r                 |    <0.001 |
|                 prim_noinit.ram                  |    <0.001 |
|               ramloop[121].ram.r                 |    <0.001 |
|                 prim_noinit.ram                  |    <0.001 |
|               ramloop[122].ram.r                 |    <0.001 |
|                 prim_noinit.ram                  |    <0.001 |
|               ramloop[123].ram.r                 |    <0.001 |
|                 prim_noinit.ram                  |    <0.001 |
|               ramloop[124].ram.r                 |    <0.001 |
|                 prim_noinit.ram                  |    <0.001 |
|               ramloop[125].ram.r                 |    <0.001 |
|                 prim_noinit.ram                  |    <0.001 |
|               ramloop[126].ram.r                 |    <0.001 |
|                 prim_noinit.ram                  |    <0.001 |
|               ramloop[12].ram.r                  |    <0.001 |
|                 prim_noinit.ram                  |    <0.001 |
|               ramloop[13].ram.r                  |    <0.001 |
|                 prim_noinit.ram                  |    <0.001 |
|               ramloop[14].ram.r                  |    <0.001 |
|                 prim_noinit.ram                  |    <0.001 |
|               ramloop[15].ram.r                  |    <0.001 |
|                 prim_noinit.ram                  |    <0.001 |
|               ramloop[16].ram.r                  |    <0.001 |
|                 prim_noinit.ram                  |    <0.001 |
|               ramloop[17].ram.r                  |    <0.001 |
|                 prim_noinit.ram                  |    <0.001 |
|               ramloop[18].ram.r                  |    <0.001 |
|                 prim_noinit.ram                  |    <0.001 |
|               ramloop[19].ram.r                  |    <0.001 |
|                 prim_noinit.ram                  |    <0.001 |
|               ramloop[1].ram.r                   |    <0.001 |
|                 prim_noinit.ram                  |    <0.001 |
|               ramloop[20].ram.r                  |    <0.001 |
|                 prim_noinit.ram                  |    <0.001 |
|               ramloop[21].ram.r                  |    <0.001 |
|                 prim_noinit.ram                  |    <0.001 |
|               ramloop[22].ram.r                  |    <0.001 |
|                 prim_noinit.ram                  |    <0.001 |
|               ramloop[23].ram.r                  |    <0.001 |
|                 prim_noinit.ram                  |    <0.001 |
|               ramloop[24].ram.r                  |    <0.001 |
|                 prim_noinit.ram                  |    <0.001 |
|               ramloop[25].ram.r                  |    <0.001 |
|                 prim_noinit.ram                  |    <0.001 |
|               ramloop[26].ram.r                  |    <0.001 |
|                 prim_noinit.ram                  |    <0.001 |
|               ramloop[27].ram.r                  |    <0.001 |
|                 prim_noinit.ram                  |    <0.001 |
|               ramloop[28].ram.r                  |    <0.001 |
|                 prim_noinit.ram                  |    <0.001 |
|               ramloop[29].ram.r                  |    <0.001 |
|                 prim_noinit.ram                  |    <0.001 |
|               ramloop[2].ram.r                   |    <0.001 |
|                 prim_noinit.ram                  |    <0.001 |
|               ramloop[30].ram.r                  |    <0.001 |
|                 prim_noinit.ram                  |    <0.001 |
|               ramloop[31].ram.r                  |    <0.001 |
|                 prim_noinit.ram                  |    <0.001 |
|               ramloop[32].ram.r                  |    <0.001 |
|                 prim_noinit.ram                  |    <0.001 |
|               ramloop[33].ram.r                  |    <0.001 |
|                 prim_noinit.ram                  |    <0.001 |
|               ramloop[34].ram.r                  |    <0.001 |
|                 prim_noinit.ram                  |    <0.001 |
|               ramloop[35].ram.r                  |    <0.001 |
|                 prim_noinit.ram                  |    <0.001 |
|               ramloop[36].ram.r                  |    <0.001 |
|                 prim_noinit.ram                  |    <0.001 |
|               ramloop[37].ram.r                  |    <0.001 |
|                 prim_noinit.ram                  |    <0.001 |
|               ramloop[38].ram.r                  |    <0.001 |
|                 prim_noinit.ram                  |    <0.001 |
|               ramloop[39].ram.r                  |    <0.001 |
|                 prim_noinit.ram                  |    <0.001 |
|               ramloop[3].ram.r                   |    <0.001 |
|                 prim_noinit.ram                  |    <0.001 |
|               ramloop[40].ram.r                  |    <0.001 |
|                 prim_noinit.ram                  |    <0.001 |
|               ramloop[41].ram.r                  |    <0.001 |
|                 prim_noinit.ram                  |    <0.001 |
|               ramloop[42].ram.r                  |    <0.001 |
|                 prim_noinit.ram                  |    <0.001 |
|               ramloop[43].ram.r                  |    <0.001 |
|                 prim_noinit.ram                  |    <0.001 |
|               ramloop[44].ram.r                  |    <0.001 |
|                 prim_noinit.ram                  |    <0.001 |
|               ramloop[45].ram.r                  |    <0.001 |
|                 prim_noinit.ram                  |    <0.001 |
|               ramloop[46].ram.r                  |    <0.001 |
|                 prim_noinit.ram                  |    <0.001 |
|               ramloop[47].ram.r                  |    <0.001 |
|                 prim_noinit.ram                  |    <0.001 |
|               ramloop[48].ram.r                  |    <0.001 |
|                 prim_noinit.ram                  |    <0.001 |
|               ramloop[49].ram.r                  |    <0.001 |
|                 prim_noinit.ram                  |    <0.001 |
|               ramloop[4].ram.r                   |    <0.001 |
|                 prim_noinit.ram                  |    <0.001 |
|               ramloop[50].ram.r                  |    <0.001 |
|                 prim_noinit.ram                  |    <0.001 |
|               ramloop[51].ram.r                  |    <0.001 |
|                 prim_noinit.ram                  |    <0.001 |
|               ramloop[52].ram.r                  |    <0.001 |
|                 prim_noinit.ram                  |    <0.001 |
|               ramloop[53].ram.r                  |    <0.001 |
|                 prim_noinit.ram                  |    <0.001 |
|               ramloop[54].ram.r                  |    <0.001 |
|                 prim_noinit.ram                  |    <0.001 |
|               ramloop[55].ram.r                  |    <0.001 |
|                 prim_noinit.ram                  |    <0.001 |
|               ramloop[56].ram.r                  |    <0.001 |
|                 prim_noinit.ram                  |    <0.001 |
|               ramloop[57].ram.r                  |    <0.001 |
|                 prim_noinit.ram                  |    <0.001 |
|               ramloop[58].ram.r                  |    <0.001 |
|                 prim_noinit.ram                  |    <0.001 |
|               ramloop[59].ram.r                  |    <0.001 |
|                 prim_noinit.ram                  |    <0.001 |
|               ramloop[5].ram.r                   |    <0.001 |
|                 prim_noinit.ram                  |    <0.001 |
|               ramloop[60].ram.r                  |    <0.001 |
|                 prim_noinit.ram                  |    <0.001 |
|               ramloop[61].ram.r                  |    <0.001 |
|                 prim_noinit.ram                  |    <0.001 |
|               ramloop[62].ram.r                  |    <0.001 |
|                 prim_noinit.ram                  |    <0.001 |
|               ramloop[63].ram.r                  |    <0.001 |
|                 prim_noinit.ram                  |    <0.001 |
|               ramloop[64].ram.r                  |    <0.001 |
|                 prim_noinit.ram                  |    <0.001 |
|               ramloop[65].ram.r                  |    <0.001 |
|                 prim_noinit.ram                  |    <0.001 |
|               ramloop[66].ram.r                  |    <0.001 |
|                 prim_noinit.ram                  |    <0.001 |
|               ramloop[67].ram.r                  |    <0.001 |
|                 prim_noinit.ram                  |    <0.001 |
|               ramloop[68].ram.r                  |    <0.001 |
|                 prim_noinit.ram                  |    <0.001 |
|               ramloop[69].ram.r                  |    <0.001 |
|                 prim_noinit.ram                  |    <0.001 |
|               ramloop[6].ram.r                   |    <0.001 |
|                 prim_noinit.ram                  |    <0.001 |
|               ramloop[70].ram.r                  |    <0.001 |
|                 prim_noinit.ram                  |    <0.001 |
|               ramloop[71].ram.r                  |    <0.001 |
|                 prim_noinit.ram                  |    <0.001 |
|               ramloop[72].ram.r                  |    <0.001 |
|                 prim_noinit.ram                  |    <0.001 |
|               ramloop[73].ram.r                  |    <0.001 |
|                 prim_noinit.ram                  |    <0.001 |
|               ramloop[74].ram.r                  |    <0.001 |
|                 prim_noinit.ram                  |    <0.001 |
|               ramloop[75].ram.r                  |    <0.001 |
|                 prim_noinit.ram                  |    <0.001 |
|               ramloop[76].ram.r                  |    <0.001 |
|                 prim_noinit.ram                  |    <0.001 |
|               ramloop[77].ram.r                  |    <0.001 |
|                 prim_noinit.ram                  |    <0.001 |
|               ramloop[78].ram.r                  |    <0.001 |
|                 prim_noinit.ram                  |    <0.001 |
|               ramloop[79].ram.r                  |    <0.001 |
|                 prim_noinit.ram                  |    <0.001 |
|               ramloop[7].ram.r                   |    <0.001 |
|                 prim_noinit.ram                  |    <0.001 |
|               ramloop[80].ram.r                  |    <0.001 |
|                 prim_noinit.ram                  |    <0.001 |
|               ramloop[81].ram.r                  |    <0.001 |
|                 prim_noinit.ram                  |    <0.001 |
|               ramloop[82].ram.r                  |    <0.001 |
|                 prim_noinit.ram                  |    <0.001 |
|               ramloop[83].ram.r                  |    <0.001 |
|                 prim_noinit.ram                  |    <0.001 |
|               ramloop[84].ram.r                  |    <0.001 |
|                 prim_noinit.ram                  |    <0.001 |
|               ramloop[85].ram.r                  |    <0.001 |
|                 prim_noinit.ram                  |    <0.001 |
|               ramloop[86].ram.r                  |    <0.001 |
|                 prim_noinit.ram                  |    <0.001 |
|               ramloop[87].ram.r                  |    <0.001 |
|                 prim_noinit.ram                  |    <0.001 |
|               ramloop[88].ram.r                  |    <0.001 |
|                 prim_noinit.ram                  |    <0.001 |
|               ramloop[89].ram.r                  |    <0.001 |
|                 prim_noinit.ram                  |    <0.001 |
|               ramloop[8].ram.r                   |    <0.001 |
|                 prim_noinit.ram                  |    <0.001 |
|               ramloop[90].ram.r                  |    <0.001 |
|                 prim_noinit.ram                  |    <0.001 |
|               ramloop[91].ram.r                  |    <0.001 |
|                 prim_noinit.ram                  |    <0.001 |
|               ramloop[92].ram.r                  |    <0.001 |
|                 prim_noinit.ram                  |    <0.001 |
|               ramloop[93].ram.r                  |    <0.001 |
|                 prim_noinit.ram                  |    <0.001 |
|               ramloop[94].ram.r                  |    <0.001 |
|                 prim_noinit.ram                  |    <0.001 |
|               ramloop[95].ram.r                  |    <0.001 |
|                 prim_noinit.ram                  |    <0.001 |
|               ramloop[96].ram.r                  |    <0.001 |
|                 prim_noinit.ram                  |    <0.001 |
|               ramloop[97].ram.r                  |    <0.001 |
|                 prim_noinit.ram                  |    <0.001 |
|               ramloop[98].ram.r                  |    <0.001 |
|                 prim_noinit.ram                  |    <0.001 |
|               ramloop[99].ram.r                  |    <0.001 |
|                 prim_noinit.ram                  |    <0.001 |
|               ramloop[9].ram.r                   |    <0.001 |
|                 prim_noinit.ram                  |    <0.001 |
|     ov7670_bram_capture_0                        |     0.003 |
|       U0                                         |     0.003 |
|     processing_system7_0                         |     1.250 |
|       inst                                       |     1.250 |
|     ps7_0_axi_periph                             |     0.012 |
|       m00_couplers                               |     0.005 |
|         auto_pc                                  |     0.005 |
|           inst                                   |     0.005 |
|             gen_axilite.gen_b2s_conv.axilite_b2s |     0.005 |
|               RD.ar_channel_0                    |     0.001 |
|                 ar_cmd_fsm_0                     |    <0.001 |
|                 cmd_translator_0                 |     0.001 |
|                   incr_cmd_0                     |    <0.001 |
|                   wrap_cmd_0                     |    <0.001 |
|               RD.r_channel_0                     |    <0.001 |
|                 rd_data_fifo_0                   |    <0.001 |
|                 transaction_fifo_0               |    <0.001 |
|               SI_REG                             |     0.001 |
|                 gen_simple_ar.ar_pipe            |    <0.001 |
|                 gen_simple_aw.aw_pipe            |    <0.001 |
|                 gen_simple_b.b_pipe              |    <0.001 |
|                 gen_simple_r.r_pipe              |    <0.001 |
|               WR.aw_channel_0                    |     0.001 |
|                 aw_cmd_fsm_0                     |    <0.001 |
|                 cmd_translator_0                 |    <0.001 |
|                   incr_cmd_0                     |    <0.001 |
|                   wrap_cmd_0                     |    <0.001 |
|               WR.b_channel_0                     |    <0.001 |
|                 bid_fifo_0                       |    <0.001 |
|                 bresp_fifo_0                     |    <0.001 |
|       m01_couplers                               |     0.005 |
|         auto_pc                                  |     0.005 |
|           inst                                   |     0.005 |
|             gen_axilite.gen_b2s_conv.axilite_b2s |     0.005 |
|               RD.ar_channel_0                    |     0.001 |
|                 ar_cmd_fsm_0                     |    <0.001 |
|                 cmd_translator_0                 |    <0.001 |
|                   incr_cmd_0                     |    <0.001 |
|                   wrap_cmd_0                     |    <0.001 |
|               RD.r_channel_0                     |    <0.001 |
|                 rd_data_fifo_0                   |    <0.001 |
|                 transaction_fifo_0               |    <0.001 |
|               SI_REG                             |     0.002 |
|                 gen_simple_ar.ar_pipe            |    <0.001 |
|                 gen_simple_aw.aw_pipe            |    <0.001 |
|                 gen_simple_b.b_pipe              |    <0.001 |
|                 gen_simple_r.r_pipe              |    <0.001 |
|               WR.aw_channel_0                    |     0.001 |
|                 aw_cmd_fsm_0                     |    <0.001 |
|                 cmd_translator_0                 |    <0.001 |
|                   incr_cmd_0                     |    <0.001 |
|                   wrap_cmd_0                     |    <0.001 |
|               WR.b_channel_0                     |    <0.001 |
|                 bid_fifo_0                       |    <0.001 |
|                 bresp_fifo_0                     |    <0.001 |
|       s00_couplers                               |     0.000 |
|         auto_pc                                  |     0.000 |
|           inst                                   |     0.000 |
|       xbar                                       |     0.002 |
|         inst                                     |     0.002 |
|           gen_sasd.crossbar_sasd_0               |     0.002 |
|             addr_arbiter_inst                    |     0.001 |
|             gen_decerr.decerr_slave_inst         |    <0.001 |
|             reg_slice_r                          |    <0.001 |
|             splitter_ar                          |    <0.001 |
|             splitter_aw                          |    <0.001 |
|     rst_ps7_0_100M                               |    <0.001 |
|       U0                                         |    <0.001 |
|         EXT_LPF                                  |    <0.001 |
|           ACTIVE_LOW_AUX.ACT_LO_AUX              |    <0.001 |
|           ACTIVE_LOW_EXT.ACT_LO_EXT              |    <0.001 |
|         SEQ                                      |    <0.001 |
|           SEQ_COUNTER                            |    <0.001 |
|   iic_scl_iobuf                                  |    <0.001 |
|   iic_sda_iobuf                                  |    <0.001 |
|   leds_4bits_tri_iobuf_0                         |    <0.001 |
|   leds_4bits_tri_iobuf_1                         |    <0.001 |
|   leds_4bits_tri_iobuf_2                         |    <0.001 |
|   leds_4bits_tri_iobuf_3                         |    <0.001 |
|   rgb_led_tri_iobuf_0                            |    <0.001 |
|   rgb_led_tri_iobuf_1                            |    <0.001 |
|   rgb_led_tri_iobuf_2                            |    <0.001 |
|   rgb_led_tri_iobuf_3                            |    <0.001 |
|   rgb_led_tri_iobuf_4                            |    <0.001 |
|   rgb_led_tri_iobuf_5                            |    <0.001 |
+--------------------------------------------------+-----------+


