
*** Running vivado
    with args -log block_design_1_blk_mem_gen_0_0.vds -m64 -product Vivado -mode batch -messageDb vivado.pb -notrace -source block_design_1_blk_mem_gen_0_0.tcl


****** Vivado v2017.3.1 (64-bit)
  **** SW Build 2035080 on Fri Oct 20 14:20:01 MDT 2017
  **** IP Build 2034413 on Fri Oct 20 15:56:25 MDT 2017
    ** Copyright 1986-2017 Xilinx, Inc. All Rights Reserved.

ERROR: [Common 17-354] Could not open 'C' for writing.
ERROR: [Common 17-356] Failed to install all user apps.
source block_design_1_blk_mem_gen_0_0.tcl -notrace
Starting RTL Elaboration : Time (s): cpu = 00:00:14 ; elapsed = 00:00:20 . Memory (MB): peak = 347.680 ; gain = 95.996
INFO: [Synth 8-638] synthesizing module 'block_design_1_blk_mem_gen_0_0' [c:/Vivado_Projects/MAS/Projekt/MAS_projekt.srcs/sources_1/bd/block_design_1/ip/block_design_1_blk_mem_gen_0_0/synth/block_design_1_blk_mem_gen_0_0.vhd:72]
INFO: [Synth 8-256] done synthesizing module 'block_design_1_blk_mem_gen_0_0' (11#1) [c:/Vivado_Projects/MAS/Projekt/MAS_projekt.srcs/sources_1/bd/block_design_1/ip/block_design_1_blk_mem_gen_0_0/synth/block_design_1_blk_mem_gen_0_0.vhd:72]
Finished RTL Elaboration : Time (s): cpu = 00:03:57 ; elapsed = 00:04:52 . Memory (MB): peak = 730.902 ; gain = 479.219
Finished RTL Optimization Phase 1 : Time (s): cpu = 00:03:57 ; elapsed = 00:04:56 . Memory (MB): peak = 730.902 ; gain = 479.219
INFO: [Device 21-403] Loading part xc7z020clg400-1
Constraint Validation Runtime : Time (s): cpu = 00:00:00 ; elapsed = 00:00:00.348 . Memory (MB): peak = 775.496 ; gain = 0.000
Finished Constraint Validation : Time (s): cpu = 00:04:21 ; elapsed = 00:05:35 . Memory (MB): peak = 775.496 ; gain = 523.813
Finished Loading Part and Timing Information : Time (s): cpu = 00:04:21 ; elapsed = 00:05:35 . Memory (MB): peak = 775.496 ; gain = 523.813
Finished applying 'set_property' XDC Constraints : Time (s): cpu = 00:04:21 ; elapsed = 00:05:35 . Memory (MB): peak = 775.496 ; gain = 523.813
Finished RTL Optimization Phase 2 : Time (s): cpu = 00:04:27 ; elapsed = 00:05:41 . Memory (MB): peak = 775.496 ; gain = 523.813
Finished Cross Boundary and Area Optimization : Time (s): cpu = 00:04:33 ; elapsed = 00:05:48 . Memory (MB): peak = 775.496 ; gain = 523.813
Finished Applying XDC Timing Constraints : Time (s): cpu = 00:04:49 ; elapsed = 00:06:05 . Memory (MB): peak = 775.496 ; gain = 523.813
Finished Timing Optimization : Time (s): cpu = 00:04:49 ; elapsed = 00:06:05 . Memory (MB): peak = 775.496 ; gain = 523.813
Finished Technology Mapping : Time (s): cpu = 00:04:50 ; elapsed = 00:06:05 . Memory (MB): peak = 775.496 ; gain = 523.813
Finished IO Insertion : Time (s): cpu = 00:04:51 ; elapsed = 00:06:07 . Memory (MB): peak = 775.496 ; gain = 523.813
Finished Renaming Generated Instances : Time (s): cpu = 00:04:51 ; elapsed = 00:06:07 . Memory (MB): peak = 775.496 ; gain = 523.813
Finished Rebuilding User Hierarchy : Time (s): cpu = 00:04:51 ; elapsed = 00:06:07 . Memory (MB): peak = 775.496 ; gain = 523.813
Finished Renaming Generated Ports : Time (s): cpu = 00:04:51 ; elapsed = 00:06:07 . Memory (MB): peak = 775.496 ; gain = 523.813
Finished Handling Custom Attributes : Time (s): cpu = 00:04:51 ; elapsed = 00:06:07 . Memory (MB): peak = 775.496 ; gain = 523.813
Finished Renaming Generated Nets : Time (s): cpu = 00:04:51 ; elapsed = 00:06:07 . Memory (MB): peak = 775.496 ; gain = 523.813

Report Cell Usage: 
+------+-----------+------+
|      |Cell       |Count |
+------+-----------+------+
|1     |LUT2       |     2|
|2     |LUT3       |    14|
|3     |LUT4       |     8|
|4     |LUT5       |    75|
|5     |LUT6       |    99|
|6     |MUXF7      |    45|
|7     |MUXF8      |    18|
|8     |RAMB18E1   |     2|
|9     |RAMB18E1_1 |     1|
|10    |RAMB18E1_2 |     1|
|11    |RAMB36E1   |    14|
|12    |RAMB36E1_1 |    14|
|13    |RAMB36E1_2 |    37|
|14    |RAMB36E1_3 |     1|
|15    |RAMB36E1_4 |     2|
|16    |RAMB36E1_5 |     1|
|17    |FDRE       |     7|
+------+-----------+------+
Finished Writing Synthesis Report : Time (s): cpu = 00:04:51 ; elapsed = 00:06:07 . Memory (MB): peak = 775.496 ; gain = 523.813
synth_design: Time (s): cpu = 00:04:54 ; elapsed = 00:06:12 . Memory (MB): peak = 775.496 ; gain = 531.203
