#-----------------------------------------------------------
# Webtalk v2017.3 (64-bit)
# SW Build 2018833 on Wed Oct  4 19:58:22 MDT 2017
# 
# Start of session at: Tue Dec 19 12:28:45 2017
# Process ID: 920
# Current directory: D:/MAS_LRI/Projekt/MAS_projekt.sdk/webtalk
# Command line: wbtcv.exe -mode batch -source sdk_webtalk.tcl
# Log file: D:/MAS_LRI/Projekt/MAS_projekt.sdk/webtalk/webtalk.log
# Journal file: D:/MAS_LRI/Projekt/MAS_projekt.sdk/webtalk\webtalk.jou
#-----------------------------------------------------------
source sdk_webtalk.tcl
# webtalk_init -webtalk_dir D:\\MAS_LRI\\Projekt\\MAS_projekt.sdk\\webtalk
# webtalk_register_client -client project
# webtalk_add_data -client project -key date_generated -value "2017-12-19 12:28:44" -context "software_version_and_target_device"
# webtalk_add_data -client project -key product_version -value "SDK v2017.3" -context "software_version_and_target_device"
# webtalk_add_data -client project -key build_version -value "2017.3" -context "software_version_and_target_device"
# webtalk_add_data -client project -key os_platform -value "amd64" -context "software_version_and_target_device"
# webtalk_add_data -client project -key registration_id -value "" -context "software_version_and_target_device"
# webtalk_add_data -client project -key tool_flow -value "SDK" -context "software_version_and_target_device"
# webtalk_add_data -client project -key beta -value "false" -context "software_version_and_target_device"
# webtalk_add_data -client project -key route_design -value "NA" -context "software_version_and_target_device"
# webtalk_add_data -client project -key target_family -value "NA" -context "software_version_and_target_device"
# webtalk_add_data -client project -key target_device -value "NA" -context "software_version_and_target_device"
# webtalk_add_data -client project -key target_package -value "NA" -context "software_version_and_target_device"
# webtalk_add_data -client project -key target_speed -value "NA" -context "software_version_and_target_device"
# webtalk_add_data -client project -key random_id -value "tn7tm7ds25ab3594jaeoavdks" -context "software_version_and_target_device"
# webtalk_add_data -client project -key project_id -value "2017.3_1" -context "software_version_and_target_device"
# webtalk_add_data -client project -key project_iteration -value "1" -context "software_version_and_target_device"
# webtalk_add_data -client project -key os_name -value "Microsoft Windows 8 or later , 64-bit" -context "user_environment"
# webtalk_add_data -client project -key os_release -value "major release  (build 9200)" -context "user_environment"
# webtalk_add_data -client project -key cpu_name -value "Intel(R) Core(TM) i5-6300HQ CPU @ 2.30GHz" -context "user_environment"
# webtalk_add_data -client project -key cpu_speed -value "2304 MHz" -context "user_environment"
# webtalk_add_data -client project -key total_processors -value "1" -context "user_environment"
# webtalk_add_data -client project -key system_ram -value "16.965 GB" -context "user_environment"
# webtalk_register_client -client sdk
# webtalk_add_data -client sdk -key uid -value "1513680972371" -context "sdk\\\\hardware/1513680972371"
# webtalk_add_data -client sdk -key isZynq -value "true" -context "sdk\\\\hardware/1513680972371"
# webtalk_add_data -client sdk -key isZynqMP -value "false" -context "sdk\\\\hardware/1513680972371"
# webtalk_add_data -client sdk -key Processors -value "2" -context "sdk\\\\hardware/1513680972371"
# webtalk_add_data -client sdk -key VivadoVersion -value "2017.3" -context "sdk\\\\hardware/1513680972371"
# webtalk_add_data -client sdk -key Arch -value "zynq" -context "sdk\\\\hardware/1513680972371"
# webtalk_add_data -client sdk -key Device -value "7z020" -context "sdk\\\\hardware/1513680972371"
# webtalk_add_data -client sdk -key IsHandoff -value "true" -context "sdk\\\\hardware/1513680972371"
# webtalk_add_data -client sdk -key os -value "NA" -context "sdk\\\\hardware/1513680972371"
# webtalk_add_data -client sdk -key apptemplate -value "NA" -context "sdk\\\\hardware/1513680972371"
# webtalk_add_data -client sdk -key RecordType -value "HWCreation" -context "sdk\\\\hardware/1513680972371"
# webtalk_add_data -client sdk -key uid -value "1513681048771" -context "sdk\\\\bsp/1513681048771"
# webtalk_add_data -client sdk -key hwid -value "1513680972371" -context "sdk\\\\bsp/1513681048771"
# webtalk_add_data -client sdk -key os -value "standalone" -context "sdk\\\\bsp/1513681048771"
# webtalk_add_data -client sdk -key apptemplate -value "lwip_echo_server" -context "sdk\\\\bsp/1513681048771"
# webtalk_add_data -client sdk -key RecordType -value "BSPCreation" -context "sdk\\\\bsp/1513681048771"
# webtalk_add_data -client sdk -key uid -value "1513681061204" -context "sdk\\\\application/1513681061204"
# webtalk_add_data -client sdk -key hwid -value "1513680972371" -context "sdk\\\\application/1513681061204"
# webtalk_add_data -client sdk -key bspid -value "1513681048771" -context "sdk\\\\application/1513681061204"
# webtalk_add_data -client sdk -key newbsp -value "true" -context "sdk\\\\application/1513681061204"
# webtalk_add_data -client sdk -key os -value "standalone" -context "sdk\\\\application/1513681061204"
# webtalk_add_data -client sdk -key apptemplate -value "lwip_echo_server" -context "sdk\\\\application/1513681061204"
# webtalk_add_data -client sdk -key RecordType -value "APPCreation" -context "sdk\\\\application/1513681061204"
# webtalk_add_data -client sdk -key LangUsed -value "C" -context "sdk\\\\application/1513681061204"
# webtalk_add_data -client sdk -key Procused -value "ps7_cortexa9" -context "sdk\\\\application/1513681061204"
# webtalk_add_data -client sdk -key projSize -value "342.5625" -context "sdk\\\\application/1513681061204"
# webtalk_add_data -client sdk -key uid -value "NA" -context "sdk\\\\bsp/1513682921781"
# webtalk_add_data -client sdk -key RecordType -value "ToolUsage" -context "sdk\\\\bsp/1513682921781"
# webtalk_add_data -client sdk -key BootgenCount -value "0" -context "sdk\\\\bsp/1513682921781"
# webtalk_add_data -client sdk -key DebugCount -value "5" -context "sdk\\\\bsp/1513682921781"
# webtalk_add_data -client sdk -key PerfCount -value "0" -context "sdk\\\\bsp/1513682921781"
# webtalk_add_data -client sdk -key FlashCount -value "0" -context "sdk\\\\bsp/1513682921781"
# webtalk_add_data -client sdk -key CrossTriggCount -value "0" -context "sdk\\\\bsp/1513682921781"
# webtalk_add_data -client sdk -key QemuDebugCount -value "0" -context "sdk\\\\bsp/1513682921781"
# webtalk_transmit -clientid 155207880 -regid "" -xml D:\\MAS_LRI\\Projekt\\MAS_projekt.sdk\\webtalk\\usage_statistics_ext_sdk.xml -html D:\\MAS_LRI\\Projekt\\MAS_projekt.sdk\\webtalk\\usage_statistics_ext_sdk.html -wdm D:\\MAS_LRI\\Projekt\\MAS_projekt.sdk\\webtalk\\sdk_webtalk.wdm -intro "<H3>SDK Usage Report</H3><BR>"
INFO: [Common 17-186] 'D:\MAS_LRI\Projekt\MAS_projekt.sdk\webtalk\usage_statistics_ext_sdk.xml' has been successfully sent to Xilinx on Tue Dec 19 12:28:50 2017. For additional details about this file, please refer to the WebTalk help file at D:/Xilinx/SDK/2017.3/doc/webtalk_introduction.html.
# webtalk_terminate
INFO: [Common 17-206] Exiting Webtalk at Tue Dec 19 12:28:50 2017...
