#-----------------------------------------------------------
# Webtalk v2017.3.1 (64-bit)
# SW Build 2035080 on Fri Oct 20 14:20:01 MDT 2017
# 
# Start of session at: Mon Jan 22 14:31:07 2018
# Process ID: 5524
# Current directory: D:/Vivado_Projects/MAS/Projekt/MAS_projekt.sdk/webtalk
# Command line: wbtcv.exe -mode batch -source sdk_webtalk.tcl
# Log file: D:/Vivado_Projects/MAS/Projekt/MAS_projekt.sdk/webtalk/webtalk.log
# Journal file: D:/Vivado_Projects/MAS/Projekt/MAS_projekt.sdk/webtalk\webtalk.jou
#-----------------------------------------------------------
source sdk_webtalk.tcl
# webtalk_init -webtalk_dir D:\\Vivado_Projects\\MAS\\Projekt\\MAS_projekt.sdk\\webtalk
# webtalk_register_client -client project
# webtalk_add_data -client project -key date_generated -value "2018-01-22 14:31:01" -context "software_version_and_target_device"
# webtalk_add_data -client project -key product_version -value "SDK v2017.3" -context "software_version_and_target_device"
# webtalk_add_data -client project -key build_version -value "2017.3" -context "software_version_and_target_device"
# webtalk_add_data -client project -key os_platform -value "amd64" -context "software_version_and_target_device"
# webtalk_add_data -client project -key registration_id -value "211261514_0_0_801" -context "software_version_and_target_device"
# webtalk_add_data -client project -key tool_flow -value "SDK" -context "software_version_and_target_device"
# webtalk_add_data -client project -key beta -value "false" -context "software_version_and_target_device"
# webtalk_add_data -client project -key route_design -value "NA" -context "software_version_and_target_device"
# webtalk_add_data -client project -key target_family -value "NA" -context "software_version_and_target_device"
# webtalk_add_data -client project -key target_device -value "NA" -context "software_version_and_target_device"
# webtalk_add_data -client project -key target_package -value "NA" -context "software_version_and_target_device"
# webtalk_add_data -client project -key target_speed -value "NA" -context "software_version_and_target_device"
# webtalk_add_data -client project -key random_id -value "tdee3g6s93phm4nllj5hvf3csc" -context "software_version_and_target_device"
# webtalk_add_data -client project -key project_id -value "2017.3_5" -context "software_version_and_target_device"
# webtalk_add_data -client project -key project_iteration -value "5" -context "software_version_and_target_device"
# webtalk_add_data -client project -key os_name -value "Microsoft Windows 8 or later , 64-bit" -context "user_environment"
# webtalk_add_data -client project -key os_release -value "major release  (build 9200)" -context "user_environment"
# webtalk_add_data -client project -key cpu_name -value "AMD A10-5750M APU with Radeon(tm) HD Graphics  " -context "user_environment"
# webtalk_add_data -client project -key cpu_speed -value "2495 MHz" -context "user_environment"
# webtalk_add_data -client project -key total_processors -value "1" -context "user_environment"
# webtalk_add_data -client project -key system_ram -value "5.590 GB" -context "user_environment"
# webtalk_register_client -client sdk
# webtalk_add_data -client sdk -key uid -value "1516616678706" -context "sdk\\\\bsp/1516616678706"
# webtalk_add_data -client sdk -key hwid -value "1515584534280" -context "sdk\\\\bsp/1516616678706"
# webtalk_add_data -client sdk -key os -value "standalone" -context "sdk\\\\bsp/1516616678706"
# webtalk_add_data -client sdk -key apptemplate -value "lwip_echo_server" -context "sdk\\\\bsp/1516616678706"
# webtalk_add_data -client sdk -key RecordType -value "BSPCreation" -context "sdk\\\\bsp/1516616678706"
# webtalk_add_data -client sdk -key uid -value "1516616682913" -context "sdk\\\\application/1516616682913"
# webtalk_add_data -client sdk -key hwid -value "1515584534280" -context "sdk\\\\application/1516616682913"
# webtalk_add_data -client sdk -key bspid -value "1516616678706" -context "sdk\\\\application/1516616682913"
# webtalk_add_data -client sdk -key newbsp -value "true" -context "sdk\\\\application/1516616682913"
# webtalk_add_data -client sdk -key os -value "standalone" -context "sdk\\\\application/1516616682913"
# webtalk_add_data -client sdk -key apptemplate -value "lwip_echo_server" -context "sdk\\\\application/1516616682913"
# webtalk_add_data -client sdk -key RecordType -value "APPCreation" -context "sdk\\\\application/1516616682913"
# webtalk_add_data -client sdk -key LangUsed -value "C" -context "sdk\\\\application/1516616682913"
# webtalk_add_data -client sdk -key Procused -value "ps7_cortexa9" -context "sdk\\\\application/1516616682913"
# webtalk_add_data -client sdk -key projSize -value "382.13671875" -context "sdk\\\\application/1516616682913"
# webtalk_add_data -client sdk -key uid -value "NA" -context "sdk\\\\bsp/1516627861680"
# webtalk_add_data -client sdk -key RecordType -value "ToolUsage" -context "sdk\\\\bsp/1516627861680"
# webtalk_add_data -client sdk -key BootgenCount -value "0" -context "sdk\\\\bsp/1516627861680"
# webtalk_add_data -client sdk -key DebugCount -value "31" -context "sdk\\\\bsp/1516627861680"
# webtalk_add_data -client sdk -key PerfCount -value "0" -context "sdk\\\\bsp/1516627861680"
# webtalk_add_data -client sdk -key FlashCount -value "0" -context "sdk\\\\bsp/1516627861680"
# webtalk_add_data -client sdk -key CrossTriggCount -value "0" -context "sdk\\\\bsp/1516627861680"
# webtalk_add_data -client sdk -key QemuDebugCount -value "0" -context "sdk\\\\bsp/1516627861680"
# webtalk_transmit -clientid 650067072 -regid "211261514_0_0_801" -xml D:\\Vivado_Projects\\MAS\\Projekt\\MAS_projekt.sdk\\webtalk\\usage_statistics_ext_sdk.xml -html D:\\Vivado_Projects\\MAS\\Projekt\\MAS_projekt.sdk\\webtalk\\usage_statistics_ext_sdk.html -wdm D:\\Vivado_Projects\\MAS\\Projekt\\MAS_projekt.sdk\\webtalk\\sdk_webtalk.wdm -intro "<H3>SDK Usage Report</H3><BR>"
# webtalk_terminate
INFO: [Common 17-206] Exiting Webtalk at Mon Jan 22 14:31:07 2018...
